I'm sorry, but an uncaught exception occurred.

While running game code:
  File "game/scripts/act 1/1-1.rpy", line 51, in script
    show pollyIdle yzoom -1 at left
Exception: Image 'pollyIdle' does not accept attributes 'yzoom -1'.

-- Full Traceback ------------------------------------------------------------

Full traceback:
  File "game/scripts/act 1/1-1.rpy", line 51, in script
    show pollyIdle yzoom -1 at left
  File "C:\Users\qwawe\Downloads\renpy-8.0.3-sdk\renpy-8.0.3-sdk\renpy\ast.py", line 1408, in execute
    show_imspec(self.imspec, atl=getattr(self, "atl", None))
  File "C:\Users\qwawe\Downloads\renpy-8.0.3-sdk\renpy-8.0.3-sdk\renpy\ast.py", line 1371, in show_imspec
    renpy.config.show(name,
  File "C:\Users\qwawe\Downloads\renpy-8.0.3-sdk\renpy-8.0.3-sdk\renpy\exports.py", line 686, in show
    if not base.find_target() and renpy.config.missing_show:
  File "C:\Users\qwawe\Downloads\renpy-8.0.3-sdk\renpy-8.0.3-sdk\renpy\display\image.py", line 414, in find_target
    self.target = target._duplicate(a)
  File "C:\Users\qwawe\Downloads\renpy-8.0.3-sdk\renpy-8.0.3-sdk\renpy\display\core.py", line 397, in _duplicate
    args.extraneous()
  File "C:\Users\qwawe\Downloads\renpy-8.0.3-sdk\renpy-8.0.3-sdk\renpy\display\core.py", line 265, in extraneous
    raise Exception("Image '{}' does not accept attributes '{}'.".format(
Exception: Image 'pollyIdle' does not accept attributes 'yzoom -1'.

Windows-10-10.0.19044 AMD64
Ren'Py 8.0.3.22090809
Novel_URFU_22 1.0
Mon Nov 21 18:20:26 2022
